                               ████
                               █  █
                               █  █
                               █  █
               ███          ████  ████          ███
              ██  ██    ████          ████    ██  ██           ███
               ██  ██████   ██████████    █████  ██            ███
                 ██     ████    ██    ████     ██              ███
                  ██  ███       ██       ███  ██               ████
                 ██  ████       ██       ████  ██              █ ██            ██
                ██  ██  ██      ██      ██  ██  ██            ██ ██           ███
               ██  ██     ██ ████████ ██     ██  ██           ██ ██           ████
               ██ ██       ███      ███       ██ ██     ███   ██  █           ████
               █  ██      ██   ████   ██      ██  █    ██ ██  ██  ██         ██  █
        ███████   ██████████  █    █  ██████████       ██ ██ ██   ██         ██  ██
        ████████  ██      ██  ██  ██  ██      ██  ██████   ████   ██    ██████   ██  ███████
               ██ ██       ██  ████  ██       ██           ████   ██  ███         ████
               ██ ██       ████    ████       ██ █          ███    █  ██          ███
                ██ ██    ███  ██████  ███    ██  █          ██     ██ █            █
                ██  ██  ██      ██      ██  ██  ██                 ████
                 ██  ███        ██        ███  ██                  ████
                  ██   ███      ██       ██   ██                   ████
                ███  █   ████   ██   ████   █  ███                  ██
               ██  ██████    ████████    ███ ██  ██                 ██
              ██ ███     █████      █████     ███ ██
                ██            ██  ██             █
                               █  █
                               █  █
                               █  █
                                ██

  perfmon-tool log export — 2026-05-20T12:28:55+05:30
────────────────────────────────────────────────────────────
[12:28:55] [INFO] Shutting down...
